<?xml version="1.0" encoding="UTF-8"?>
<testsuite name="SILab2Test" tests="1" skipped="0" failures="0" errors="0" timestamp="2023-05-31T20:16:12" hostname="DESKTOP-SP459DJ" time="0.009">
  <properties/>
  <testcase name="MultipleCondition()" classname="SILab2Test" time="0.009"/>
  <system-out><![CDATA[]]></system-out>
  <system-err><![CDATA[]]></system-err>
</testsuite>
